<?xml version="1.0" encoding="UTF-8"?>
<testng-results ignored="0" total="1" passed="1" failed="0" skipped="0">
  <reporter-output>
  </reporter-output>
  <suite started-at="2020-05-09T11:41:25 IST" name="MyBankingProject" finished-at="2020-05-09T11:42:39 IST" duration-ms="74003">
    <groups>
    </groups>
    <test started-at="2020-05-09T11:41:25 IST" name="BankingApp Test" finished-at="2020-05-09T11:42:39 IST" duration-ms="74003">
      <class name="com.MyBankingProject.testCases.TC_AddCustomerPage_003">
        <test-method is-config="true" signature="setup(java.lang.String)[pri:0, instance:com.MyBankingProject.testCases.TC_AddCustomerPage_003@69453e37]" started-at="2020-05-09T11:41:25 IST" name="setup" finished-at="2020-05-09T11:42:08 IST" duration-ms="43133" status="PASS">
          <params>
            <param index="0">
              <value>
                <![CDATA[chrome]]>
              </value>
            </param>
          </params>
          <reporter-output>
          </reporter-output>
        </test-method> <!-- setup -->
        <test-method signature="addNewCustomer()[pri:0, instance:com.MyBankingProject.testCases.TC_AddCustomerPage_003@69453e37]" started-at="2020-05-09T11:42:09 IST" name="addNewCustomer" finished-at="2020-05-09T11:42:37 IST" duration-ms="28839" status="PASS">
          <reporter-output>
          </reporter-output>
        </test-method> <!-- addNewCustomer -->
        <test-method is-config="true" signature="tearDown()[pri:0, instance:com.MyBankingProject.testCases.TC_AddCustomerPage_003@69453e37]" started-at="2020-05-09T11:42:37 IST" name="tearDown" finished-at="2020-05-09T11:42:39 IST" duration-ms="1337" status="PASS">
          <reporter-output>
          </reporter-output>
        </test-method> <!-- tearDown -->
      </class> <!-- com.MyBankingProject.testCases.TC_AddCustomerPage_003 -->
    </test> <!-- BankingApp Test -->
  </suite> <!-- MyBankingProject -->
</testng-results>
