<?xml version="1.0" encoding="UTF-8"?>
<testng-results ignored="0" total="1" passed="1" failed="0" skipped="0">
  <reporter-output>
  </reporter-output>
  <suite started-at="2020-05-06T18:04:14 IST" name="MyBankingProject" finished-at="2020-05-06T18:05:00 IST" duration-ms="45893">
    <groups>
    </groups>
    <test started-at="2020-05-06T18:04:14 IST" name="BankingApp Test" finished-at="2020-05-06T18:05:00 IST" duration-ms="45893">
      <class name="com.MyBankingProject.testCases.TC_AddCustomerPage_003">
        <test-method is-config="true" signature="setup(java.lang.String)[pri:0, instance:com.MyBankingProject.testCases.TC_AddCustomerPage_003@68e965f5]" started-at="2020-05-06T18:04:15 IST" name="setup" finished-at="2020-05-06T18:04:34 IST" duration-ms="19361" status="PASS">
          <params>
            <param index="0">
              <value>
                <![CDATA[chrome]]>
              </value>
            </param>
          </params>
          <reporter-output>
          </reporter-output>
        </test-method> <!-- setup -->
        <test-method signature="addNewCustomer()[pri:0, instance:com.MyBankingProject.testCases.TC_AddCustomerPage_003@68e965f5]" started-at="2020-05-06T18:04:34 IST" name="addNewCustomer" finished-at="2020-05-06T18:04:59 IST" duration-ms="24816" status="PASS">
          <reporter-output>
          </reporter-output>
        </test-method> <!-- addNewCustomer -->
        <test-method is-config="true" signature="tearDown()[pri:0, instance:com.MyBankingProject.testCases.TC_AddCustomerPage_003@68e965f5]" started-at="2020-05-06T18:04:59 IST" name="tearDown" finished-at="2020-05-06T18:05:00 IST" duration-ms="996" status="PASS">
          <reporter-output>
          </reporter-output>
        </test-method> <!-- tearDown -->
      </class> <!-- com.MyBankingProject.testCases.TC_AddCustomerPage_003 -->
    </test> <!-- BankingApp Test -->
  </suite> <!-- MyBankingProject -->
</testng-results>
